2020-03-31 00:02:21.593 [main] INFO  com.haizhi.mybatises.MybatisEsApplication - Starting MybatisEsApplication on SC-202002152346 with PID 5092 (D:\code\spring-boot-mybatis-demo\target\classes started by Administrator in D:\code\spring-boot-mybatis-demo)
2020-03-31 00:02:21.597 [main] INFO  com.haizhi.mybatises.MybatisEsApplication - No active profile set, falling back to default profiles: default
2020-03-31 00:02:23.271 [main] INFO  o.s.boot.web.embedded.tomcat.TomcatWebServer - Tomcat initialized with port(s): 9090 (http)
2020-03-31 00:02:23.281 [main] INFO  org.apache.coyote.http11.Http11NioProtocol - Initializing ProtocolHandler ["http-nio-9090"]
2020-03-31 00:02:23.283 [main] INFO  org.apache.catalina.core.StandardService - Starting service [Tomcat]
2020-03-31 00:02:23.283 [main] INFO  org.apache.catalina.core.StandardEngine - Starting Servlet engine: [Apache Tomcat/9.0.31]
2020-03-31 00:02:23.423 [main] INFO  o.a.c.core.ContainerBase.[Tomcat].[localhost].[/] - Initializing Spring embedded WebApplicationContext
2020-03-31 00:02:23.423 [main] INFO  org.springframework.web.context.ContextLoader - Root WebApplicationContext: initialization completed in 1760 ms
2020-03-31 00:02:24.806 [main] INFO  org.elasticsearch.plugins.PluginsService - no modules loaded
2020-03-31 00:02:24.806 [main] INFO  org.elasticsearch.plugins.PluginsService - loaded plugin [org.elasticsearch.index.reindex.ReindexPlugin]
2020-03-31 00:02:24.807 [main] INFO  org.elasticsearch.plugins.PluginsService - loaded plugin [org.elasticsearch.join.ParentJoinPlugin]
2020-03-31 00:02:24.807 [main] INFO  org.elasticsearch.plugins.PluginsService - loaded plugin [org.elasticsearch.percolator.PercolatorPlugin]
2020-03-31 00:02:24.807 [main] INFO  org.elasticsearch.plugins.PluginsService - loaded plugin [org.elasticsearch.script.mustache.MustachePlugin]
2020-03-31 00:02:24.807 [main] INFO  org.elasticsearch.plugins.PluginsService - loaded plugin [org.elasticsearch.transport.Netty4Plugin]
2020-03-31 00:02:28.822 [main] INFO  s.d.s.w.PropertySourcedRequestMappingHandlerMapping - Mapped URL path [/v2/api-docs] onto method [springfox.documentation.swagger2.web.Swagger2Controller#getDocumentation(String, HttpServletRequest)]
2020-03-31 00:02:28.902 [main] INFO  o.s.scheduling.concurrent.ThreadPoolTaskExecutor - Initializing ExecutorService 'applicationTaskExecutor'
2020-03-31 00:02:29.050 [main] INFO  s.d.s.web.plugins.DocumentationPluginsBootstrapper - Context refreshed
2020-03-31 00:02:29.063 [main] INFO  s.d.s.web.plugins.DocumentationPluginsBootstrapper - Found 1 custom documentation plugin(s)
2020-03-31 00:02:29.095 [main] INFO  s.d.spring.web.scanners.ApiListingReferenceScanner - Scanning for api listing references
2020-03-31 00:02:29.186 [main] INFO  org.apache.coyote.http11.Http11NioProtocol - Starting ProtocolHandler ["http-nio-9090"]
2020-03-31 00:02:29.203 [main] INFO  o.s.boot.web.embedded.tomcat.TomcatWebServer - Tomcat started on port(s): 9090 (http) with context path ''
2020-03-31 00:02:29.206 [main] INFO  com.haizhi.mybatises.MybatisEsApplication - Started MybatisEsApplication in 7.992 seconds (JVM running for 8.551)
2020-03-31 00:03:36.162 [main] INFO  com.haizhi.mybatises.MybatisEsApplication - Starting MybatisEsApplication on SC-202002152346 with PID 13056 (D:\code\spring-boot-mybatis-demo\target\classes started by Administrator in D:\code\spring-boot-mybatis-demo)
2020-03-31 00:03:36.164 [main] INFO  com.haizhi.mybatises.MybatisEsApplication - No active profile set, falling back to default profiles: default
2020-03-31 00:03:37.954 [main] INFO  o.s.boot.web.embedded.tomcat.TomcatWebServer - Tomcat initialized with port(s): 9090 (http)
2020-03-31 00:03:37.963 [main] INFO  org.apache.coyote.http11.Http11NioProtocol - Initializing ProtocolHandler ["http-nio-9090"]
2020-03-31 00:03:37.964 [main] INFO  org.apache.catalina.core.StandardService - Starting service [Tomcat]
2020-03-31 00:03:37.964 [main] INFO  org.apache.catalina.core.StandardEngine - Starting Servlet engine: [Apache Tomcat/9.0.31]
2020-03-31 00:03:38.109 [main] INFO  o.a.c.core.ContainerBase.[Tomcat].[localhost].[/] - Initializing Spring embedded WebApplicationContext
2020-03-31 00:03:38.109 [main] INFO  org.springframework.web.context.ContextLoader - Root WebApplicationContext: initialization completed in 1889 ms
2020-03-31 00:03:39.430 [main] INFO  org.elasticsearch.plugins.PluginsService - no modules loaded
2020-03-31 00:03:39.431 [main] INFO  org.elasticsearch.plugins.PluginsService - loaded plugin [org.elasticsearch.index.reindex.ReindexPlugin]
2020-03-31 00:03:39.431 [main] INFO  org.elasticsearch.plugins.PluginsService - loaded plugin [org.elasticsearch.join.ParentJoinPlugin]
2020-03-31 00:03:39.431 [main] INFO  org.elasticsearch.plugins.PluginsService - loaded plugin [org.elasticsearch.percolator.PercolatorPlugin]
2020-03-31 00:03:39.431 [main] INFO  org.elasticsearch.plugins.PluginsService - loaded plugin [org.elasticsearch.script.mustache.MustachePlugin]
2020-03-31 00:03:39.431 [main] INFO  org.elasticsearch.plugins.PluginsService - loaded plugin [org.elasticsearch.transport.Netty4Plugin]
2020-03-31 00:03:43.279 [main] INFO  s.d.s.w.PropertySourcedRequestMappingHandlerMapping - Mapped URL path [/v2/api-docs] onto method [springfox.documentation.swagger2.web.Swagger2Controller#getDocumentation(String, HttpServletRequest)]
2020-03-31 00:03:43.354 [main] INFO  o.s.scheduling.concurrent.ThreadPoolTaskExecutor - Initializing ExecutorService 'applicationTaskExecutor'
2020-03-31 00:03:43.503 [main] INFO  s.d.s.web.plugins.DocumentationPluginsBootstrapper - Context refreshed
2020-03-31 00:03:43.516 [main] INFO  s.d.s.web.plugins.DocumentationPluginsBootstrapper - Found 1 custom documentation plugin(s)
2020-03-31 00:03:43.551 [main] INFO  s.d.spring.web.scanners.ApiListingReferenceScanner - Scanning for api listing references
2020-03-31 00:03:43.640 [main] INFO  org.apache.coyote.http11.Http11NioProtocol - Starting ProtocolHandler ["http-nio-9090"]
2020-03-31 00:03:43.656 [main] INFO  o.s.boot.web.embedded.tomcat.TomcatWebServer - Tomcat started on port(s): 9090 (http) with context path ''
2020-03-31 00:03:43.659 [main] INFO  com.haizhi.mybatises.MybatisEsApplication - Started MybatisEsApplication in 7.873 seconds (JVM running for 8.416)
2020-03-31 00:03:51.265 [http-nio-9090-exec-1] INFO  o.a.c.core.ContainerBase.[Tomcat].[localhost].[/] - Initializing Spring DispatcherServlet 'dispatcherServlet'
2020-03-31 00:03:51.265 [http-nio-9090-exec-1] INFO  org.springframework.web.servlet.DispatcherServlet - Initializing Servlet 'dispatcherServlet'
2020-03-31 00:03:51.272 [http-nio-9090-exec-1] INFO  org.springframework.web.servlet.DispatcherServlet - Completed initialization in 7 ms
2020-03-31 00:07:11.621 [main] INFO  com.haizhi.mybatises.MybatisEsApplication - Starting MybatisEsApplication on SC-202002152346 with PID 11972 (D:\code\spring-boot-mybatis-demo\target\classes started by Administrator in D:\code\spring-boot-mybatis-demo)
2020-03-31 00:07:11.624 [main] INFO  com.haizhi.mybatises.MybatisEsApplication - No active profile set, falling back to default profiles: default
2020-03-31 00:07:13.320 [main] INFO  o.s.boot.web.embedded.tomcat.TomcatWebServer - Tomcat initialized with port(s): 9090 (http)
2020-03-31 00:07:13.329 [main] INFO  org.apache.coyote.http11.Http11NioProtocol - Initializing ProtocolHandler ["http-nio-9090"]
2020-03-31 00:07:13.330 [main] INFO  org.apache.catalina.core.StandardService - Starting service [Tomcat]
2020-03-31 00:07:13.330 [main] INFO  org.apache.catalina.core.StandardEngine - Starting Servlet engine: [Apache Tomcat/9.0.31]
2020-03-31 00:07:13.462 [main] INFO  o.a.c.core.ContainerBase.[Tomcat].[localhost].[/] - Initializing Spring embedded WebApplicationContext
2020-03-31 00:07:13.462 [main] INFO  org.springframework.web.context.ContextLoader - Root WebApplicationContext: initialization completed in 1775 ms
2020-03-31 00:07:13.828 [main] INFO  org.elasticsearch.plugins.PluginsService - no modules loaded
2020-03-31 00:07:13.829 [main] INFO  org.elasticsearch.plugins.PluginsService - loaded plugin [org.elasticsearch.index.reindex.ReindexPlugin]
2020-03-31 00:07:13.829 [main] INFO  org.elasticsearch.plugins.PluginsService - loaded plugin [org.elasticsearch.join.ParentJoinPlugin]
2020-03-31 00:07:13.829 [main] INFO  org.elasticsearch.plugins.PluginsService - loaded plugin [org.elasticsearch.percolator.PercolatorPlugin]
2020-03-31 00:07:13.829 [main] INFO  org.elasticsearch.plugins.PluginsService - loaded plugin [org.elasticsearch.script.mustache.MustachePlugin]
2020-03-31 00:07:13.829 [main] INFO  org.elasticsearch.plugins.PluginsService - loaded plugin [org.elasticsearch.transport.Netty4Plugin]
2020-03-31 00:07:18.585 [main] INFO  s.d.s.w.PropertySourcedRequestMappingHandlerMapping - Mapped URL path [/v2/api-docs] onto method [springfox.documentation.swagger2.web.Swagger2Controller#getDocumentation(String, HttpServletRequest)]
2020-03-31 00:07:18.679 [main] INFO  o.s.scheduling.concurrent.ThreadPoolTaskExecutor - Initializing ExecutorService 'applicationTaskExecutor'
2020-03-31 00:07:18.852 [main] INFO  s.d.s.web.plugins.DocumentationPluginsBootstrapper - Context refreshed
2020-03-31 00:07:18.866 [main] INFO  s.d.s.web.plugins.DocumentationPluginsBootstrapper - Found 1 custom documentation plugin(s)
2020-03-31 00:07:18.899 [main] INFO  s.d.spring.web.scanners.ApiListingReferenceScanner - Scanning for api listing references
2020-03-31 00:07:19.004 [main] INFO  org.apache.coyote.http11.Http11NioProtocol - Starting ProtocolHandler ["http-nio-9090"]
2020-03-31 00:07:19.021 [main] INFO  o.s.boot.web.embedded.tomcat.TomcatWebServer - Tomcat started on port(s): 9090 (http) with context path ''
2020-03-31 00:07:19.024 [main] INFO  com.haizhi.mybatises.MybatisEsApplication - Started MybatisEsApplication in 7.783 seconds (JVM running for 8.346)
2020-03-31 00:07:26.136 [http-nio-9090-exec-1] INFO  o.a.c.core.ContainerBase.[Tomcat].[localhost].[/] - Initializing Spring DispatcherServlet 'dispatcherServlet'
2020-03-31 00:07:26.136 [http-nio-9090-exec-1] INFO  org.springframework.web.servlet.DispatcherServlet - Initializing Servlet 'dispatcherServlet'
2020-03-31 00:07:26.143 [http-nio-9090-exec-1] INFO  org.springframework.web.servlet.DispatcherServlet - Completed initialization in 7 ms
2020-03-31 00:09:06.348 [main] INFO  com.haizhi.mybatises.MybatisEsApplication - Starting MybatisEsApplication on SC-202002152346 with PID 13128 (D:\code\spring-boot-mybatis-demo\target\classes started by Administrator in D:\code\spring-boot-mybatis-demo)
2020-03-31 00:09:06.352 [main] INFO  com.haizhi.mybatises.MybatisEsApplication - No active profile set, falling back to default profiles: default
2020-03-31 00:09:08.021 [main] INFO  o.s.boot.web.embedded.tomcat.TomcatWebServer - Tomcat initialized with port(s): 9090 (http)
2020-03-31 00:09:08.030 [main] INFO  org.apache.coyote.http11.Http11NioProtocol - Initializing ProtocolHandler ["http-nio-9090"]
2020-03-31 00:09:08.031 [main] INFO  org.apache.catalina.core.StandardService - Starting service [Tomcat]
2020-03-31 00:09:08.031 [main] INFO  org.apache.catalina.core.StandardEngine - Starting Servlet engine: [Apache Tomcat/9.0.31]
2020-03-31 00:09:08.172 [main] INFO  o.a.c.core.ContainerBase.[Tomcat].[localhost].[/] - Initializing Spring embedded WebApplicationContext
2020-03-31 00:09:08.172 [main] INFO  org.springframework.web.context.ContextLoader - Root WebApplicationContext: initialization completed in 1756 ms
2020-03-31 00:09:08.549 [main] INFO  org.elasticsearch.plugins.PluginsService - no modules loaded
2020-03-31 00:09:08.549 [main] INFO  org.elasticsearch.plugins.PluginsService - loaded plugin [org.elasticsearch.index.reindex.ReindexPlugin]
2020-03-31 00:09:08.549 [main] INFO  org.elasticsearch.plugins.PluginsService - loaded plugin [org.elasticsearch.join.ParentJoinPlugin]
2020-03-31 00:09:08.550 [main] INFO  org.elasticsearch.plugins.PluginsService - loaded plugin [org.elasticsearch.percolator.PercolatorPlugin]
2020-03-31 00:09:08.550 [main] INFO  org.elasticsearch.plugins.PluginsService - loaded plugin [org.elasticsearch.script.mustache.MustachePlugin]
2020-03-31 00:09:08.550 [main] INFO  org.elasticsearch.plugins.PluginsService - loaded plugin [org.elasticsearch.transport.Netty4Plugin]
2020-03-31 00:09:13.277 [main] INFO  s.d.s.w.PropertySourcedRequestMappingHandlerMapping - Mapped URL path [/v2/api-docs] onto method [springfox.documentation.swagger2.web.Swagger2Controller#getDocumentation(String, HttpServletRequest)]
2020-03-31 00:09:13.351 [main] INFO  o.s.scheduling.concurrent.ThreadPoolTaskExecutor - Initializing ExecutorService 'applicationTaskExecutor'
2020-03-31 00:09:13.503 [main] INFO  s.d.s.web.plugins.DocumentationPluginsBootstrapper - Context refreshed
2020-03-31 00:09:13.515 [main] INFO  s.d.s.web.plugins.DocumentationPluginsBootstrapper - Found 1 custom documentation plugin(s)
2020-03-31 00:09:13.546 [main] INFO  s.d.spring.web.scanners.ApiListingReferenceScanner - Scanning for api listing references
2020-03-31 00:09:13.633 [main] INFO  org.apache.coyote.http11.Http11NioProtocol - Starting ProtocolHandler ["http-nio-9090"]
2020-03-31 00:09:13.648 [main] INFO  o.s.boot.web.embedded.tomcat.TomcatWebServer - Tomcat started on port(s): 9090 (http) with context path ''
2020-03-31 00:09:13.651 [main] INFO  com.haizhi.mybatises.MybatisEsApplication - Started MybatisEsApplication in 7.681 seconds (JVM running for 8.231)
2020-03-31 00:09:17.595 [http-nio-9090-exec-1] INFO  o.a.c.core.ContainerBase.[Tomcat].[localhost].[/] - Initializing Spring DispatcherServlet 'dispatcherServlet'
2020-03-31 00:09:17.595 [http-nio-9090-exec-1] INFO  org.springframework.web.servlet.DispatcherServlet - Initializing Servlet 'dispatcherServlet'
2020-03-31 00:09:17.604 [http-nio-9090-exec-1] INFO  org.springframework.web.servlet.DispatcherServlet - Completed initialization in 9 ms
2020-03-31 00:12:11.849 [main] INFO  com.haizhi.mybatises.MybatisEsApplication - Starting MybatisEsApplication on SC-202002152346 with PID 12368 (D:\code\spring-boot-mybatis-demo\target\classes started by Administrator in D:\code\spring-boot-mybatis-demo)
2020-03-31 00:12:11.852 [main] INFO  com.haizhi.mybatises.MybatisEsApplication - No active profile set, falling back to default profiles: default
2020-03-31 00:12:13.669 [main] INFO  o.s.boot.web.embedded.tomcat.TomcatWebServer - Tomcat initialized with port(s): 9090 (http)
2020-03-31 00:12:13.678 [main] INFO  org.apache.coyote.http11.Http11NioProtocol - Initializing ProtocolHandler ["http-nio-9090"]
2020-03-31 00:12:13.679 [main] INFO  org.apache.catalina.core.StandardService - Starting service [Tomcat]
2020-03-31 00:12:13.679 [main] INFO  org.apache.catalina.core.StandardEngine - Starting Servlet engine: [Apache Tomcat/9.0.31]
2020-03-31 00:12:13.815 [main] INFO  o.a.c.core.ContainerBase.[Tomcat].[localhost].[/] - Initializing Spring embedded WebApplicationContext
2020-03-31 00:12:13.815 [main] INFO  org.springframework.web.context.ContextLoader - Root WebApplicationContext: initialization completed in 1902 ms
2020-03-31 00:12:14.215 [main] INFO  org.elasticsearch.plugins.PluginsService - no modules loaded
2020-03-31 00:12:14.216 [main] INFO  org.elasticsearch.plugins.PluginsService - loaded plugin [org.elasticsearch.index.reindex.ReindexPlugin]
2020-03-31 00:12:14.216 [main] INFO  org.elasticsearch.plugins.PluginsService - loaded plugin [org.elasticsearch.join.ParentJoinPlugin]
2020-03-31 00:12:14.216 [main] INFO  org.elasticsearch.plugins.PluginsService - loaded plugin [org.elasticsearch.percolator.PercolatorPlugin]
2020-03-31 00:12:14.216 [main] INFO  org.elasticsearch.plugins.PluginsService - loaded plugin [org.elasticsearch.script.mustache.MustachePlugin]
2020-03-31 00:12:14.216 [main] INFO  org.elasticsearch.plugins.PluginsService - loaded plugin [org.elasticsearch.transport.Netty4Plugin]
2020-03-31 00:12:17.045 [main] INFO  s.d.s.w.PropertySourcedRequestMappingHandlerMapping - Mapped URL path [/v2/api-docs] onto method [springfox.documentation.swagger2.web.Swagger2Controller#getDocumentation(String, HttpServletRequest)]
2020-03-31 00:12:17.129 [main] INFO  o.s.scheduling.concurrent.ThreadPoolTaskExecutor - Initializing ExecutorService 'applicationTaskExecutor'
2020-03-31 00:12:17.291 [main] INFO  s.d.s.web.plugins.DocumentationPluginsBootstrapper - Context refreshed
2020-03-31 00:12:17.305 [main] INFO  s.d.s.web.plugins.DocumentationPluginsBootstrapper - Found 1 custom documentation plugin(s)
2020-03-31 00:12:17.337 [main] INFO  s.d.spring.web.scanners.ApiListingReferenceScanner - Scanning for api listing references
2020-03-31 00:12:17.433 [main] INFO  org.apache.coyote.http11.Http11NioProtocol - Starting ProtocolHandler ["http-nio-9090"]
2020-03-31 00:12:17.448 [main] INFO  o.s.boot.web.embedded.tomcat.TomcatWebServer - Tomcat started on port(s): 9090 (http) with context path ''
2020-03-31 00:12:17.451 [main] INFO  com.haizhi.mybatises.MybatisEsApplication - Started MybatisEsApplication in 5.979 seconds (JVM running for 6.515)
2020-03-31 00:12:24.903 [http-nio-9090-exec-1] INFO  o.a.c.core.ContainerBase.[Tomcat].[localhost].[/] - Initializing Spring DispatcherServlet 'dispatcherServlet'
2020-03-31 00:12:24.904 [http-nio-9090-exec-1] INFO  org.springframework.web.servlet.DispatcherServlet - Initializing Servlet 'dispatcherServlet'
2020-03-31 00:12:24.913 [http-nio-9090-exec-1] INFO  org.springframework.web.servlet.DispatcherServlet - Completed initialization in 9 ms
